<?xml version="1.0" encoding="UTF-8"?>
<testng-results total="1" passed="1" failed="0" skipped="0">
  <reporter-output>
  </reporter-output>
  <suite started-at="2024-02-12T07:34:23Z" name="Default suite" finished-at="2024-02-12T07:34:29Z" duration-ms="5949">
    <groups>
    </groups>
    <test started-at="2024-02-12T07:34:23Z" name="Default test" finished-at="2024-02-12T07:34:29Z" duration-ms="5949">
      <class name="com.wingify.test.LoginTest">
        <test-method is-config="true" signature="launchApplication()[pri:0, instance:com.wingify.test.LoginTest@657c8ad9]" started-at="2024-02-12T13:04:23Z" name="launchApplication" finished-at="2024-02-12T13:04:26Z" duration-ms="2901" status="PASS">
          <reporter-output>
          </reporter-output>
        </test-method> <!-- launchApplication -->
        <test-method signature="validate_RememberMe_Checkbox()[pri:13, instance:com.wingify.test.LoginTest@657c8ad9]" started-at="2024-02-12T13:04:26Z" name="validate_RememberMe_Checkbox" description="verify Rememberme checkbox of login page" finished-at="2024-02-12T13:04:29Z" duration-ms="2700" status="PASS">
          <reporter-output>
          </reporter-output>
        </test-method> <!-- validate_RememberMe_Checkbox -->
        <test-method is-config="true" signature="closeBrowser()[pri:0, instance:com.wingify.test.LoginTest@657c8ad9]" started-at="2024-02-12T13:04:29Z" name="closeBrowser" finished-at="2024-02-12T13:04:29Z" duration-ms="316" status="PASS">
          <reporter-output>
          </reporter-output>
        </test-method> <!-- closeBrowser -->
      </class> <!-- com.wingify.test.LoginTest -->
    </test> <!-- Default test -->
  </suite> <!-- Default suite -->
</testng-results>
